янв. 24, 2023 4:54:12 PM hw2_1 main
INFO: Incoming List: [55, 2, 9, 1, 5, 6, 0]
янв. 24, 2023 4:54:12 PM hw2_1 sort
INFO: Swapped: 2 and 55
янв. 24, 2023 4:54:12 PM hw2_1 sort
INFO: Swapped: 9 and 55
янв. 24, 2023 4:54:12 PM hw2_1 sort
INFO: Swapped: 1 and 55
янв. 24, 2023 4:54:12 PM hw2_1 sort
INFO: Swapped: 5 and 55
янв. 24, 2023 4:54:12 PM hw2_1 sort
INFO: Swapped: 6 and 55
янв. 24, 2023 4:54:12 PM hw2_1 sort
INFO: Swapped: 0 and 55
янв. 24, 2023 4:54:12 PM hw2_1 sort
INFO: Swapped: 1 and 9
янв. 24, 2023 4:54:12 PM hw2_1 sort
INFO: Swapped: 5 and 9
янв. 24, 2023 4:54:12 PM hw2_1 sort
INFO: Swapped: 6 and 9
янв. 24, 2023 4:54:12 PM hw2_1 sort
INFO: Swapped: 0 and 9
янв. 24, 2023 4:54:12 PM hw2_1 sort
INFO: Swapped: 1 and 2
янв. 24, 2023 4:54:12 PM hw2_1 sort
INFO: Swapped: 0 and 6
янв. 24, 2023 4:54:12 PM hw2_1 sort
INFO: Swapped: 0 and 5
янв. 24, 2023 4:54:12 PM hw2_1 sort
INFO: Swapped: 0 and 2
янв. 24, 2023 4:54:12 PM hw2_1 sort
INFO: Swapped: 0 and 1
янв. 24, 2023 4:54:12 PM hw2_1 main
INFO: Sorted List: [0, 1, 2, 5, 6, 9, 55]
